<?xml version="1.0" encoding="UTF-8"?>
<!-- Generated by org.testng.reporters.JUnitXMLReporter -->
<testsuite ignored="2" hostname="LAPTOP-M9QDFQ1Q" failures="0" tests="2" name="Test" time="8.334" errors="0" timestamp="2023-01-10T22:36:42 IST">
  <testcase classname="GenericUtility.BaseClass" name="@BeforeClass bcConfig" time="5.973">
    <failure type="java.lang.NullPointerException" message="Cannot invoke &amp;quot;org.openqa.selenium.WebDriver.manage()&amp;quot; because &amp;quot;this.driver&amp;quot; is null">
      <![CDATA[java.lang.NullPointerException: Cannot invoke "org.openqa.selenium.WebDriver.manage()" because "this.driver" is null
at GenericUtility.BaseClass.bcConfig(BaseClass.java:35)
at java.base/java.util.ArrayList.forEach(ArrayList.java:1511)
... Removed 23 stack frames]]>
    </failure>
  </testcase> <!-- @BeforeClass bcConfig -->
  <testcase classname="GenericUtility.BaseClass" name="@BeforeMethod bnConfig" time="-1.67337039976E9">
    <skipped/>
  </testcase> <!-- @BeforeMethod bnConfig -->
  <testcase classname="GenericUtility.BaseClass" name="@AfterMethod amConofig" time="-1.673370399773E9">
    <skipped/>
  </testcase> <!-- @AfterMethod amConofig -->
  <testcase classname="GenericUtility.BaseClass" name="@AfterClass acConfig" time="-1.673370399779E9">
    <skipped/>
  </testcase> <!-- @AfterClass acConfig -->
  <testcase classname="GenericUtility.BaseClass" name="@BeforeClass bcConfig" time="2.182">
    <failure type="java.lang.NullPointerException" message="Cannot invoke &amp;quot;org.openqa.selenium.WebDriver.manage()&amp;quot; because &amp;quot;this.driver&amp;quot; is null">
      <![CDATA[java.lang.NullPointerException: Cannot invoke "org.openqa.selenium.WebDriver.manage()" because "this.driver" is null
at GenericUtility.BaseClass.bcConfig(BaseClass.java:35)
at java.base/java.util.ArrayList.forEach(ArrayList.java:1511)
... Removed 23 stack frames]]>
    </failure>
  </testcase> <!-- @BeforeClass bcConfig -->
  <testcase classname="GenericUtility.BaseClass" name="@BeforeMethod bnConfig" time="-1.673370401975E9">
    <skipped/>
  </testcase> <!-- @BeforeMethod bnConfig -->
  <testcase classname="GenericUtility.BaseClass" name="@AfterMethod amConofig" time="-1.673370401983E9">
    <skipped/>
  </testcase> <!-- @AfterMethod amConofig -->
  <testcase classname="GenericUtility.BaseClass" name="@AfterClass acConfig" time="-1.673370401985E9">
    <skipped/>
  </testcase> <!-- @AfterClass acConfig -->
  <testcase classname="BasicTextScript.DemoTestScript2Test" name="verifyCustomer" time="0.0">
    <skipped/>
  </testcase> <!-- verifyCustomer -->
  <testcase classname="BasicTextScript.DemoTestScriptTest" name="verifyHomePageTest" time="0.0">
    <skipped/>
  </testcase> <!-- verifyHomePageTest -->
  <testcase classname="GenericUtility.BaseClass" name="@AfterSuite asConfig" time="0.0">
    <ignored/>
  </testcase> <!-- @AfterSuite asConfig -->
  <testcase classname="GenericUtility.BaseClass" name="@BeforeSuite bsConfig" time="0.0">
    <ignored/>
  </testcase> <!-- @BeforeSuite bsConfig -->
</testsuite> <!-- Test -->
